<?xml version="1.0" encoding="UTF-8"?>
<testng-results skipped="0" failed="0" ignored="0" total="1" passed="1">
  <reporter-output>
  </reporter-output>
  <suite name="Default suite" duration-ms="41944" started-at="2022-01-18T23:21:29 IST" finished-at="2022-01-18T23:22:11 IST">
    <groups>
    </groups>
    <test name="Default test" duration-ms="41944" started-at="2022-01-18T23:21:29 IST" finished-at="2022-01-18T23:22:11 IST">
      <class name="com.mystore.testcases.OrderPageTest">
        <test-method status="PASS" signature="loadConfig()[pri:0, instance:com.mystore.testcases.OrderPageTest@103f852]" name="loadConfig" is-config="true" duration-ms="10" started-at="2022-01-18T23:21:29 IST" finished-at="2022-01-18T23:21:29 IST">
          <reporter-output>
          </reporter-output>
        </test-method> <!-- loadConfig -->
        <test-method status="PASS" signature="setUp()[pri:0, instance:com.mystore.testcases.OrderPageTest@103f852]" name="setUp" is-config="true" duration-ms="15195" started-at="2022-01-18T23:21:29 IST" finished-at="2022-01-18T23:21:44 IST">
          <reporter-output>
          </reporter-output>
        </test-method> <!-- setUp -->
        <test-method status="PASS" signature="verifyTotalPrice()[pri:0, instance:com.mystore.testcases.OrderPageTest@103f852]" name="verifyTotalPrice" duration-ms="25545" started-at="2022-01-18T23:21:44 IST" finished-at="2022-01-18T23:22:10 IST">
          <reporter-output>
          </reporter-output>
        </test-method> <!-- verifyTotalPrice -->
        <test-method status="PASS" signature="tearDown()[pri:0, instance:com.mystore.testcases.OrderPageTest@103f852]" name="tearDown" is-config="true" duration-ms="1146" started-at="2022-01-18T23:22:10 IST" finished-at="2022-01-18T23:22:11 IST">
          <reporter-output>
          </reporter-output>
        </test-method> <!-- tearDown -->
      </class> <!-- com.mystore.testcases.OrderPageTest -->
    </test> <!-- Default test -->
  </suite> <!-- Default suite -->
</testng-results>
